<?xml version="1.0" encoding="UTF-8"?>
<!-- Generated by org.testng.reporters.JUnitReportReporter -->
<testsuite hostname="LAPTOP-2AGL4QNC" failures="0" tests="1" name="test_Scripts.Login_TC" time="0.571" errors="0" timestamp="2022-11-29T14:11:45 IST" skipped="0">
  <testcase classname="test_Scripts.Login_TC" name="TS_01" time="0.571"/>
  <system-out/>
</testsuite> <!-- test_Scripts.Login_TC -->
