<?xml version="1.0" encoding="UTF-8"?>
<!-- Generated by org.testng.reporters.JUnitReportReporter -->
<testsuite hostname="LAPTOP-2AGL4QNC" failures="0" tests="2" name="test_Scripts.AddToCart_TC" time="77.919" errors="0" timestamp="2022-11-30T21:21:11 IST" skipped="0">
  <testcase classname="test_Scripts.AddToCart_TC" name="TS_01" time="16.396"/>
  <system-out/>
  <testcase classname="test_Scripts.AddToCart_TC" name="TS_02" time="61.523"/>
  <system-out/>
</testsuite> <!-- test_Scripts.AddToCart_TC -->
